<?xml version="1.0" encoding="UTF-8"?>
<!-- Generated by org.testng.reporters.JUnitXMLReporter -->
<testsuite hostname="DESKTOP-S49M3S5" ignored="0" name="DockerTest" tests="3" failures="0" timestamp="2020-07-23T16:48:26 EDT" time="103.311" errors="0">
  <testcase name="test2" time="25.94" classname="com.rahul.ChromeNodesTest2"/>
  <testcase name="test1" time="28.005" classname="com.rahul.ChromeNodesTest1"/>
  <testcase name="test3" time="30.554" classname="com.rahul.ChromeNodesTest3"/>
</testsuite> <!-- DockerTest -->
